<?xml version="1.0" encoding="UTF-8"?>
<!-- Generated by org.testng.reporters.JUnitReportReporter -->
<testsuite hostname="DESKTOP-Q420O00" failures="0" tests="1" name="com.Api.Tests.TestCases" time="2.856" errors="0" timestamp="2024-03-21T22:21:27 GMT-04:00" skipped="0">
  <testcase classname="com.Api.Tests.TestCases" name="getASingleRepoWithNonExistingName" time="2.856"/>
  <system-out/>
</testsuite> <!-- com.Api.Tests.TestCases -->
